Sesion iniciada con exito en el horario por el usuario : Thu Jun 22 2023 13:18:18 GMT-0300 (hora estándar de Argentina) nicolaspiersanti@hotmail.com
Sesion iniciada con exito en el horario por el usuario : Thu Jun 22 2023 13:18:45 GMT-0300 (hora estándar de Argentina) nicolaspiersanti@hotmail.com
Sesion iniciada con exito en el horario por el usuario : Thu Jun 22 2023 13:18:46 GMT-0300 (hora estándar de Argentina) nicolaspiersanti@hotmail.com
Sesion iniciada con exito en el horario por el usuario : Thu Jun 22 2023 13:18:47 GMT-0300 (hora estándar de Argentina) nicolaspiersanti@hotmail.com
Sesion iniciada con exito en el horario por el usuario : Thu Jun 22 2023 13:19:50 GMT-0300 (hora estándar de Argentina) nicolaspiersanti@hotmail.com
Sesion iniciada con exito en el horario por el usuario : Thu Jun 22 2023 13:20:07 GMT-0300 (hora estándar de Argentina) nicolaspiersanti@hotmail.com
Sesion iniciada con exito en el horario por el usuario : Thu Jun 22 2023 13:22:08 GMT-0300 (hora estándar de Argentina) nicolaspiersanti@hotmail.com
Sesion iniciada con exito en el horario por el usuario : Thu Jun 22 2023 13:22:21 GMT-0300 (hora estándar de Argentina) nicolaspiersanti@hotmail.com
Sesion iniciada con exito en el horario por el usuario : Thu Jun 22 2023 13:22:28 GMT-0300 (hora estándar de Argentina) nicolaspiersanti@hotmail.com
Sesion iniciada con exito en el horario por el usuario : Thu Jun 22 2023 13:23:46 GMT-0300 (hora estándar de Argentina) nicolaspiersanti@hotmail.com
Sesion iniciada con exito en el horario por el usuario : Thu Jun 22 2023 13:34:48 GMT-0300 (hora estándar de Argentina) nicolaspiersanti@hotmail.com
Sesion iniciada con exito en el horario por el usuario : Thu Jun 22 2023 13:35:01 GMT-0300 (hora estándar de Argentina) nicolaspiersanti@hotmail.com
Sesion iniciada con exito en el horario por el usuario : Thu Jun 22 2023 13:37:44 GMT-0300 (hora estándar de Argentina) nicolaspiersanti@hotmail.com
Sesion iniciada con exito en el horario por el usuario : Thu Jun 22 2023 13:43:43 GMT-0300 (hora estándar de Argentina) nicolaspiersanti@hotmail.com
Sesion iniciada con exito en el horario por el usuario : Thu Jun 22 2023 13:44:05 GMT-0300 (hora estándar de Argentina) nicolaspiersanti@hotmail.com
Sesion iniciada con exito en el horario por el usuario : Thu Jun 22 2023 13:45:59 GMT-0300 (hora estándar de Argentina) nicolaspiersanti@hotmail.com
Sesion iniciada con exito en el horario por el usuario : Thu Jun 22 2023 13:48:03 GMT-0300 (hora estándar de Argentina) nicolaspiersanti@hotmail.com
Sesion iniciada con exito en el horario por el usuario : Thu Jun 22 2023 13:48:46 GMT-0300 (hora estándar de Argentina) nicolaspiersanti@hotmail.com
Sesion iniciada con exito en el horario por el usuario : Thu Jun 22 2023 13:48:55 GMT-0300 (hora estándar de Argentina) nicolaspiersanti@hotmail.com
Sesion iniciada con exito en el horario por el usuario : Thu Jun 22 2023 13:49:18 GMT-0300 (hora estándar de Argentina) nicolaspiersanti@hotmail.com
Sesion iniciada con exito en el horario por el usuario : Thu Jun 22 2023 13:49:41 GMT-0300 (hora estándar de Argentina) nicolaspiersanti@hotmail.com
Sesion iniciada con exito en el horario por el usuario : Thu Jun 22 2023 13:49:56 GMT-0300 (hora estándar de Argentina) nicolaspiersanti@hotmail.com
Sesion iniciada con exito en el horario por el usuario : Thu Jun 22 2023 13:50:04 GMT-0300 (hora estándar de Argentina) nicolaspiersanti@hotmail.com
Sesion iniciada con exito en el horario por el usuario : Thu Jun 22 2023 13:53:11 GMT-0300 (hora estándar de Argentina) nicolaspiersanti@hotmail.com
Sesion iniciada con exito en el horario por el usuario : Thu Jun 22 2023 14:02:28 GMT-0300 (hora estándar de Argentina) nicolaspiersanti@hotmail.com
Sesion iniciada con exito en el horario por el usuario : Thu Jun 22 2023 14:04:27 GMT-0300 (hora estándar de Argentina) nicolaspiersanti@hotmail.com
Sesion iniciada con exito en el horario por el usuario : Thu Jun 22 2023 14:04:46 GMT-0300 (hora estándar de Argentina) nicolaspiersanti@hotmail.com
Sesion iniciada con exito en el horario por el usuario : Thu Jun 22 2023 14:07:11 GMT-0300 (hora estándar de Argentina) nicolaspiersanti@hotmail.com
Sesion iniciada con exito en el horario por el usuario : Thu Jun 22 2023 14:10:03 GMT-0300 (hora estándar de Argentina) nicolaspiersanti@hotmail.com
Sesion iniciada con exito en el horario por el usuario : Thu Jun 22 2023 14:10:30 GMT-0300 (hora estándar de Argentina) nicolaspiersanti@hotmail.com
Sesion iniciada con exito en el horario por el usuario : Thu Jun 22 2023 14:11:07 GMT-0300 (hora estándar de Argentina) nicolaspiersanti@hotmail.com
Sesion iniciada con exito en el horario por el usuario : Thu Jun 22 2023 14:13:19 GMT-0300 (hora estándar de Argentina) nicolaspiersanti@hotmail.com
Sesion iniciada con exito en el horario por el usuario : Thu Jun 22 2023 15:02:19 GMT-0300 (hora estándar de Argentina) nicolaspiersanti@hotmail.com
Sesion iniciada con exito en el horario por el usuario : Thu Jun 22 2023 15:22:19 GMT-0300 (hora estándar de Argentina) nicolaspiersanti@hotmail.com
Sesion iniciada con exito en el horario por el usuario : Thu Jun 22 2023 15:26:57 GMT-0300 (hora estándar de Argentina) nicolaspiersanti@hotmail.com
Sesion iniciada con exito en el horario por el usuario : Thu Jun 22 2023 15:27:36 GMT-0300 (hora estándar de Argentina) nicolaspiersanti@hotmail.com
Sesion iniciada con exito en el horario por el usuario : Thu Jun 22 2023 15:28:42 GMT-0300 (hora estándar de Argentina) nicolaspiersanti@hotmail.com
Sesion iniciada con exito en el horario por el usuario : Thu Jun 22 2023 15:44:04 GMT-0300 (hora estándar de Argentina) nicolaspiersanti@hotmail.com
Sesion iniciada con exito en el horario por el usuario : Thu Jun 22 2023 15:44:45 GMT-0300 (hora estándar de Argentina) nicolaspiersanti@hotmail.com
Sesion iniciada con exito en el horario por el usuario : Thu Jun 22 2023 15:45:39 GMT-0300 (hora estándar de Argentina) nicolaspiersanti@hotmail.com
Sesion iniciada con exito en el horario por el usuario : Thu Jun 22 2023 15:47:36 GMT-0300 (hora estándar de Argentina) nicolaspiersanti@hotmail.com
Sesion iniciada con exito en el horario por el usuario : Thu Jun 22 2023 15:47:56 GMT-0300 (hora estándar de Argentina) nicolaspiersanti@hotmail.com
Sesion iniciada con exito en el horario por el usuario : Thu Jun 22 2023 15:52:17 GMT-0300 (hora estándar de Argentina) nicolaspiersanti@hotmail.com
Sesion iniciada con exito en el horario por el usuario : Thu Jun 22 2023 16:05:52 GMT-0300 (hora estándar de Argentina) nicolaspiersanti@hotmail.com
Sesion iniciada con exito en el horario por el usuario : Thu Jun 22 2023 16:36:34 GMT-0300 (hora estándar de Argentina) nicolaspiersanti@hotmail.com
Sesion iniciada con exito en el horario por el usuario : Thu Jun 22 2023 16:36:38 GMT-0300 (hora estándar de Argentina) nicolaspiersanti@hotmail.com
Sesion iniciada con exito en el horario por el usuario : Thu Jun 22 2023 16:37:04 GMT-0300 (hora estándar de Argentina) nicolaspiersanti@hotmail.com
Sesion iniciada con exito en el horario por el usuario : Thu Jun 22 2023 16:37:23 GMT-0300 (hora estándar de Argentina) nicolaspiersanti@hotmail.com
Sesion iniciada con exito en el horario por el usuario : Thu Jun 22 2023 16:48:12 GMT-0300 (hora estándar de Argentina) nicolaspiersanti@hotmail.com
Sesion iniciada con exito en el horario por el usuario : Thu Jun 22 2023 17:06:07 GMT-0300 (hora estándar de Argentina) nicolaspiersanti@hotmail.com
Sesion iniciada con exito en el horario por el usuario : Thu Jun 22 2023 17:06:26 GMT-0300 (hora estándar de Argentina) nicolaspiersanti@hotmail.com
Sesion iniciada con exito en el horario por el usuario : Thu Jun 22 2023 17:06:29 GMT-0300 (hora estándar de Argentina) nicolaspiersanti@hotmail.com
Sesion iniciada con exito en el horario por el usuario : Thu Jun 22 2023 17:07:02 GMT-0300 (hora estándar de Argentina) nicolaspiersanti@hotmail.com
Sesion iniciada con exito en el horario por el usuario : Thu Jun 22 2023 17:07:39 GMT-0300 (hora estándar de Argentina) nicolaspiersanti@hotmail.com
Sesion iniciada con exito en el horario por el usuario : Thu Jun 22 2023 17:07:56 GMT-0300 (hora estándar de Argentina) nicolaspiersanti@hotmail.com
Sesion iniciada con exito en el horario por el usuario : Thu Jun 22 2023 17:18:57 GMT-0300 (hora estándar de Argentina) nicolaspiersanti@hotmail.com
Sesion iniciada con exito en el horario por el usuario : Thu Jun 22 2023 17:19:20 GMT-0300 (hora estándar de Argentina) nicolaspiersanti@hotmail.com
Sesion iniciada con exito en el horario por el usuario : Thu Jun 22 2023 17:19:42 GMT-0300 (hora estándar de Argentina) nicolaspiersanti@hotmail.com
Sesion iniciada con exito en el horario por el usuario : Thu Jun 22 2023 17:37:51 GMT-0300 (hora estándar de Argentina) nicolaspiersanti@hotmail.com
Sesion iniciada con exito en el horario por el usuario : Thu Jun 22 2023 21:18:03 GMT-0300 (hora estándar de Argentina) nicolaspiersanti@hotmail.com
Sesion iniciada con exito en el horario por el usuario : Thu Jun 22 2023 21:18:48 GMT-0300 (hora estándar de Argentina) nicolaspiersanti@hotmail.com
Sesion iniciada con exito en el horario por el usuario : Thu Jun 22 2023 21:18:53 GMT-0300 (hora estándar de Argentina) nicolaspiersanti@hotmail.com
Sesion iniciada con exito en el horario por el usuario : Thu Jun 22 2023 22:12:57 GMT-0300 (hora estándar de Argentina) nicolaspiersanti@hotmail.com
Sesion iniciada con exito en el horario por el usuario : Fri Jun 23 2023 08:27:13 GMT-0300 (hora estándar de Argentina) nicolaspiersanti@hotmail.com
Sesion iniciada con exito en el horario por el usuario : Fri Jun 23 2023 08:52:57 GMT-0300 (hora estándar de Argentina) nicolaspiersanti@hotmail.com
Sesion iniciada con exito en el horario por el usuario : Fri Jun 23 2023 09:00:33 GMT-0300 (hora estándar de Argentina) nicolaspiersanti@hotmail.com
Sesion iniciada con exito en el horario por el usuario : Sat Jul 01 2023 16:46:03 GMT-0300 (hora estándar de Argentina) nicolaspiersanti@hotmail.com
Sesion iniciada con exito en el horario por el usuario : Sat Jul 01 2023 16:59:43 GMT-0300 (hora estándar de Argentina) nicolaspiersanti@hotmail.com
Sesion iniciada con exito en el horario por el usuario : Sat Jul 01 2023 17:00:01 GMT-0300 (hora estándar de Argentina) nicolaspiersanti@hotmail.com
Sesion iniciada con exito en el horario por el usuario : Fri Jul 14 2023 19:49:53 GMT-0300 (hora estándar de Argentina) nicolaspiersanti@hotmail.com
Sesion iniciada con exito en el horario por el usuario : Mon Jul 11 2033 20:03:54 GMT-0300 (hora estándar de Argentina) nicolaspiersanti@hotmail.com
Sesion iniciada con exito en el horario por el usuario : Mon Jul 11 2033 20:14:33 GMT-0300 (hora estándar de Argentina) nicolaspiersanti@hotmail.com
Sesion iniciada con exito en el horario por el usuario : Mon Jul 11 2033 20:14:37 GMT-0300 (hora estándar de Argentina) nicolaspiersanti@hotmail.com
Sesion iniciada con exito en el horario por el usuario : Mon Jul 11 2033 20:18:29 GMT-0300 (hora estándar de Argentina) nicolaspiersanti@hotmail.com
Sesion iniciada con exito en el horario por el usuario : Mon Jul 11 2033 20:33:49 GMT-0300 (hora estándar de Argentina) nicolaspiersanti@hotmail.com
Sesion iniciada con exito en el horario por el usuario : Mon Jul 11 2033 20:34:45 GMT-0300 (hora estándar de Argentina) nicolaspiersanti@hotmail.com
Sesion iniciada con exito en el horario por el usuario : Mon Jul 11 2033 20:36:15 GMT-0300 (hora estándar de Argentina) nicolaspiersanti@hotmail.com
Sesion iniciada con exito en el horario por el usuario : Mon Jul 11 2033 20:37:33 GMT-0300 (hora estándar de Argentina) nicolaspiersanti@hotmail.com
Sesion iniciada con exito en el horario por el usuario : Mon Jul 11 2033 20:42:11 GMT-0300 (hora estándar de Argentina) nicolaspiersanti@hotmail.com
Sesion iniciada con exito en el horario por el usuario : Mon Jul 11 2033 20:43:51 GMT-0300 (hora estándar de Argentina) nicolaspiersanti@hotmail.com
Sesion iniciada con exito en el horario por el usuario : Mon Jul 11 2033 20:44:22 GMT-0300 (hora estándar de Argentina) nicolaspiersanti@hotmail.com
Sesion iniciada con exito en el horario por el usuario : Mon Jul 11 2033 20:47:11 GMT-0300 (hora estándar de Argentina) nicolaspiersanti@hotmail.com
Sesion iniciada con exito en el horario por el usuario : Mon Jul 11 2033 20:56:15 GMT-0300 (hora estándar de Argentina) nicolaspiersanti@hotmail.com
Sesion iniciada con exito en el horario por el usuario : Mon Jul 11 2033 21:04:06 GMT-0300 (hora estándar de Argentina) nicolaspiersanti@hotmail.com
Sesion iniciada con exito en el horario por el usuario : Mon Jul 11 2033 21:05:21 GMT-0300 (hora estándar de Argentina) nicolaspiersanti@hotmail.com
Sesion iniciada con exito en el horario por el usuario : Mon Jul 11 2033 21:06:06 GMT-0300 (hora estándar de Argentina) nicolaspiersanti@hotmail.com
Sesion iniciada con exito en el horario por el usuario : Mon Jul 11 2033 21:28:14 GMT-0300 (hora estándar de Argentina) nicolaspiersanti@hotmail.com
Sesion iniciada con exito en el horario por el usuario : Mon Jul 11 2033 22:04:13 GMT-0300 (hora estándar de Argentina) nicolaspiersanti@hotmail.com
Sesion iniciada con exito en el horario por el usuario : Mon Jul 11 2033 22:18:34 GMT-0300 (hora estándar de Argentina) nicolaspiersanti@hotmail.com
Sesion iniciada con exito en el horario por el usuario : Mon Jul 11 2033 22:20:38 GMT-0300 (hora estándar de Argentina) nicolaspiersanti@hotmail.com
Sesion iniciada con exito en el horario por el usuario : Mon Jul 11 2033 22:21:36 GMT-0300 (hora estándar de Argentina) nicolaspiersanti@hotmail.com
Sesion iniciada con exito en el horario por el usuario : Mon Jul 11 2033 22:45:52 GMT-0300 (hora estándar de Argentina) nicolaspiersanti@hotmail.com
Sesion iniciada con exito en el horario por el usuario : Mon Jul 11 2033 22:46:58 GMT-0300 (hora estándar de Argentina) nicolaspiersanti@hotmail.com
Sesion iniciada con exito en el horario por el usuario : Mon Jul 11 2033 22:58:31 GMT-0300 (hora estándar de Argentina) nicolaspiersanti@hotmail.com
Sesion iniciada con exito en el horario por el usuario : Mon Jul 11 2033 23:02:21 GMT-0300 (hora estándar de Argentina) nicolaspiersanti@hotmail.com
Sesion iniciada con exito en el horario por el usuario : Mon Jul 11 2033 23:06:55 GMT-0300 (hora estándar de Argentina) nicolaspiersanti@hotmail.com
Sesion iniciada con exito en el horario por el usuario : Mon Jul 11 2033 23:07:02 GMT-0300 (hora estándar de Argentina) nicolaspiersanti@hotmail.com
Sesion iniciada con exito en el horario por el usuario : Mon Jul 11 2033 23:07:16 GMT-0300 (hora estándar de Argentina) nicolaspiersanti@hotmail.com
Sesion iniciada con exito en el horario por el usuario : Mon Jul 11 2033 23:20:07 GMT-0300 (hora estándar de Argentina) nicolaspiersanti@hotmail.com
Sesion iniciada con exito en el horario por el usuario : Tue Jul 12 2033 00:38:31 GMT-0300 (hora estándar de Argentina) nicolaspiersanti@hotmail.com
Sesion iniciada con exito en el horario por el usuario : Tue Jul 12 2033 00:39:07 GMT-0300 (hora estándar de Argentina) nicolaspiersanti@hotmail.com
Sesion iniciada con exito en el horario por el usuario : Tue Jul 12 2033 00:39:40 GMT-0300 (hora estándar de Argentina) nicolaspiersanti@hotmail.com
Sesion iniciada con exito en el horario por el usuario : Tue Jul 12 2033 00:40:05 GMT-0300 (hora estándar de Argentina) nicolaspiersanti@hotmail.com
Sesion iniciada con exito en el horario por el usuario : Tue Jul 12 2033 00:43:57 GMT-0300 (hora estándar de Argentina) nicolaspiersanti@hotmail.com
Sesion iniciada con exito en el horario por el usuario : Tue Jul 12 2033 00:52:25 GMT-0300 (hora estándar de Argentina) nicolaspiersanti@hotmail.com
Sesion iniciada con exito en el horario por el usuario : Tue Jul 12 2033 01:56:50 GMT-0300 (hora estándar de Argentina) nicolaspiersanti@hotmail.com
Sesion iniciada con exito en el horario por el usuario : Tue Jul 12 2033 02:30:40 GMT-0300 (hora estándar de Argentina) nicolaspiersanti@hotmail.com
Sesion iniciada con exito en el horario por el usuario : Tue Jul 12 2033 02:31:28 GMT-0300 (hora estándar de Argentina) nicolaspiersanti@hotmail.com
Sesion iniciada con exito en el horario por el usuario : Tue Jul 12 2033 02:32:48 GMT-0300 (hora estándar de Argentina) nicolaspiersanti@hotmail.com
Sesion iniciada con exito en el horario por el usuario : Tue Jul 12 2033 02:33:38 GMT-0300 (hora estándar de Argentina) nicolaspiersanti@hotmail.com
Sesion iniciada con exito en el horario por el usuario : Tue Jul 12 2033 02:35:23 GMT-0300 (hora estándar de Argentina) nicolaspiersanti@hotmail.com
Sesion iniciada con exito en el horario por el usuario : Tue Jul 12 2033 02:37:38 GMT-0300 (hora estándar de Argentina) nicolaspiersanti@hotmail.com
Sesion iniciada con exito en el horario por el usuario : Tue Jul 12 2033 02:38:39 GMT-0300 (hora estándar de Argentina) nicolaspiersanti@hotmail.com
Sesion iniciada con exito en el horario por el usuario : Tue Jul 12 2033 02:39:16 GMT-0300 (hora estándar de Argentina) nicolaspiersanti@hotmail.com
Sesion iniciada con exito en el horario por el usuario : Tue Jul 12 2033 02:40:28 GMT-0300 (hora estándar de Argentina) nicolaspiersanti@hotmail.com
Sesion iniciada con exito en el horario por el usuario : Tue Jul 12 2033 02:41:02 GMT-0300 (hora estándar de Argentina) nicolaspiersanti@hotmail.com
Sesion iniciada con exito en el horario por el usuario : Tue Jul 12 2033 02:45:36 GMT-0300 (hora estándar de Argentina) nicolaspiersanti@hotmail.com
Sesion iniciada con exito en el horario por el usuario : Tue Jul 12 2033 02:47:26 GMT-0300 (hora estándar de Argentina) nicolaspiersanti@hotmail.com
Sesion iniciada con exito en el horario por el usuario : Tue Jul 12 2033 02:49:27 GMT-0300 (hora estándar de Argentina) nicolaspiersanti@hotmail.com
Sesion iniciada con exito en el horario por el usuario : Tue Jul 12 2033 02:53:41 GMT-0300 (hora estándar de Argentina) nicolaspiersanti@hotmail.com
Sesion iniciada con exito en el horario por el usuario : Tue Jul 12 2033 02:56:00 GMT-0300 (hora estándar de Argentina) nicolaspiersanti@hotmail.com
Sesion iniciada con exito en el horario por el usuario : Tue Jul 12 2033 02:56:30 GMT-0300 (hora estándar de Argentina) nicolaspiersanti@hotmail.com
Sesion iniciada con exito en el horario por el usuario : Tue Jul 12 2033 02:56:54 GMT-0300 (hora estándar de Argentina) nicolaspiersanti@hotmail.com
Sesion iniciada con exito en el horario por el usuario : Tue Jul 12 2033 02:58:25 GMT-0300 (hora estándar de Argentina) nicolaspiersanti@hotmail.com
Sesion iniciada con exito en el horario por el usuario : Tue Jul 12 2033 02:58:39 GMT-0300 (hora estándar de Argentina) nicolaspiersanti@hotmail.com
Sesion iniciada con exito en el horario por el usuario : Tue Jul 12 2033 02:59:48 GMT-0300 (hora estándar de Argentina) nicolaspiersanti@hotmail.com
Sesion iniciada con exito en el horario por el usuario : Tue Jul 12 2033 03:01:26 GMT-0300 (hora estándar de Argentina) nicolaspiersanti@hotmail.com
Sesion iniciada con exito en el horario por el usuario : Tue Jul 12 2033 03:07:09 GMT-0300 (hora estándar de Argentina) nicolaspiersanti@hotmail.com
Sesion iniciada con exito en el horario por el usuario : Tue Jul 12 2033 03:08:42 GMT-0300 (hora estándar de Argentina) nicolaspiersanti@hotmail.com
Sesion iniciada con exito en el horario por el usuario : Tue Jul 12 2033 15:09:30 GMT-0300 (hora estándar de Argentina) nicolaspiersanti@hotmail.com
Sesion iniciada con exito en el horario por el usuario : Tue Jul 12 2033 15:11:20 GMT-0300 (hora estándar de Argentina) nicolaspiersanti@hotmail.com
